::1 - - [26/Apr/2021:15:52:41 +0700] "GET / HTTP/1.1" 200 8613 "-" "Mozilla/5.0 (Windows NT 10.0; Win64; x64) AppleWebKit/537.36 (KHTML, like Gecko) Chrome/88.0.4324.190 Safari/537.36"
::1 - - [26/Apr/2021:15:52:58 +0700] "GET /favicon.ico HTTP/1.1" 500 623 "http://wordpress.localhost/" "Mozilla/5.0 (Windows NT 10.0; Win64; x64) AppleWebKit/537.36 (KHTML, like Gecko) Chrome/88.0.4324.190 Safari/537.36"
::1 - - [26/Apr/2021:15:53:10 +0700] "GET / HTTP/1.1" 200 8613 "-" "Mozilla/5.0 (Windows NT 10.0; Win64; x64) AppleWebKit/537.36 (KHTML, like Gecko) Chrome/88.0.4324.190 Safari/537.36"
::1 - - [26/Apr/2021:15:53:10 +0700] "GET /favicon.ico HTTP/1.1" 500 623 "http://wordpress.localhost/" "Mozilla/5.0 (Windows NT 10.0; Win64; x64) AppleWebKit/537.36 (KHTML, like Gecko) Chrome/88.0.4324.190 Safari/537.36"
::1 - - [26/Apr/2021:15:54:38 +0700] "GET / HTTP/1.1" 200 8613 "-" "Mozilla/5.0 (Windows NT 10.0; Win64; x64) AppleWebKit/537.36 (KHTML, like Gecko) Chrome/88.0.4324.190 Safari/537.36"
::1 - - [26/Apr/2021:15:54:43 +0700] "GET /favicon.ico HTTP/1.1" 500 623 "http://wordpress.localhost/" "Mozilla/5.0 (Windows NT 10.0; Win64; x64) AppleWebKit/537.36 (KHTML, like Gecko) Chrome/88.0.4324.190 Safari/537.36"
::1 - - [26/Apr/2021:15:54:52 +0700] "GET /wp-admin HTTP/1.1" 301 339 "-" "Mozilla/5.0 (Windows NT 10.0; Win64; x64) AppleWebKit/537.36 (KHTML, like Gecko) Chrome/88.0.4324.190 Safari/537.36"
::1 - - [26/Apr/2021:15:54:52 +0700] "GET /wp-admin/ HTTP/1.1" 302 - "-" "Mozilla/5.0 (Windows NT 10.0; Win64; x64) AppleWebKit/537.36 (KHTML, like Gecko) Chrome/88.0.4324.190 Safari/537.36"
::1 - - [26/Apr/2021:15:58:04 +0700] "GET /wp-admin/ HTTP/1.1" 302 - "-" "Mozilla/5.0 (Windows NT 10.0; Win64; x64) AppleWebKit/537.36 (KHTML, like Gecko) Chrome/88.0.4324.190 Safari/537.36"
::1 - - [26/Apr/2021:15:58:13 +0700] "GET / HTTP/1.1" 200 8613 "-" "Mozilla/5.0 (Windows NT 10.0; Win64; x64) AppleWebKit/537.36 (KHTML, like Gecko) Chrome/88.0.4324.190 Safari/537.36"
::1 - - [26/Apr/2021:15:58:17 +0700] "GET /favicon.ico HTTP/1.1" 500 623 "http://wordpress.localhost/" "Mozilla/5.0 (Windows NT 10.0; Win64; x64) AppleWebKit/537.36 (KHTML, like Gecko) Chrome/88.0.4324.190 Safari/537.36"
::1 - - [26/Apr/2021:15:58:32 +0700] "GET /favicon.ico HTTP/1.1" 500 623 "http://wordpress.localhost/" "Mozilla/5.0 (Windows NT 10.0; Win64; x64) AppleWebKit/537.36 (KHTML, like Gecko) Chrome/88.0.4324.190 Safari/537.36"
::1 - - [26/Apr/2021:15:58:46 +0700] "GET / HTTP/1.1" 200 8613 "-" "Mozilla/5.0 (Windows NT 10.0; Win64; x64) AppleWebKit/537.36 (KHTML, like Gecko) Chrome/88.0.4324.190 Safari/537.36"
::1 - - [26/Apr/2021:15:58:46 +0700] "GET /favicon.ico HTTP/1.1" 500 623 "http://wordpress.localhost/" "Mozilla/5.0 (Windows NT 10.0; Win64; x64) AppleWebKit/537.36 (KHTML, like Gecko) Chrome/88.0.4324.190 Safari/537.36"
::1 - - [26/Apr/2021:15:58:51 +0700] "GET /wp-admin/ HTTP/1.1" 302 - "-" "Mozilla/5.0 (Windows NT 10.0; Win64; x64) AppleWebKit/537.36 (KHTML, like Gecko) Chrome/88.0.4324.190 Safari/537.36"
::1 - - [26/Apr/2021:15:58:58 +0700] "GET / HTTP/1.1" 200 8613 "-" "Mozilla/5.0 (Windows NT 10.0; Win64; x64) AppleWebKit/537.36 (KHTML, like Gecko) Chrome/88.0.4324.190 Safari/537.36"
::1 - - [26/Apr/2021:15:58:59 +0700] "GET /favicon.ico HTTP/1.1" 500 623 "http://wordpress.localhost/" "Mozilla/5.0 (Windows NT 10.0; Win64; x64) AppleWebKit/537.36 (KHTML, like Gecko) Chrome/88.0.4324.190 Safari/537.36"
::1 - - [26/Apr/2021:15:59:12 +0700] "GET /wp-admin/ HTTP/1.1" 302 - "-" "Mozilla/5.0 (Windows NT 10.0; Win64; x64) AppleWebKit/537.36 (KHTML, like Gecko) Chrome/88.0.4324.190 Safari/537.36"
::1 - - [26/Apr/2021:15:59:16 +0700] "GET / HTTP/1.1" 200 8613 "-" "Mozilla/5.0 (Windows NT 10.0; Win64; x64) AppleWebKit/537.36 (KHTML, like Gecko) Chrome/88.0.4324.190 Safari/537.36"
::1 - - [26/Apr/2021:15:59:16 +0700] "GET /favicon.ico HTTP/1.1" 500 623 "http://wordpress.localhost/" "Mozilla/5.0 (Windows NT 10.0; Win64; x64) AppleWebKit/537.36 (KHTML, like Gecko) Chrome/88.0.4324.190 Safari/537.36"
::1 - - [26/Apr/2021:16:02:14 +0700] "GET /wp-admin/ HTTP/1.1" 302 - "-" "Mozilla/5.0 (Windows NT 10.0; Win64; x64) AppleWebKit/537.36 (KHTML, like Gecko) Chrome/88.0.4324.190 Safari/537.36"
::1 - - [26/Apr/2021:16:02:32 +0700] "GET /favicon.ico HTTP/1.1" 500 623 "http://wordpress.localhost/" "Mozilla/5.0 (Windows NT 10.0; Win64; x64) AppleWebKit/537.36 (KHTML, like Gecko) Chrome/88.0.4324.190 Safari/537.36"
::1 - - [26/Apr/2021:16:02:38 +0700] "GET / HTTP/1.1" 200 8613 "-" "Mozilla/5.0 (Windows NT 10.0; Win64; x64) AppleWebKit/537.36 (KHTML, like Gecko) Chrome/88.0.4324.190 Safari/537.36"
::1 - - [26/Apr/2021:16:02:38 +0700] "GET /favicon.ico HTTP/1.1" 500 623 "http://wordpress.localhost/" "Mozilla/5.0 (Windows NT 10.0; Win64; x64) AppleWebKit/537.36 (KHTML, like Gecko) Chrome/88.0.4324.190 Safari/537.36"
::1 - - [26/Apr/2021:16:02:45 +0700] "GET /wp-admin/ HTTP/1.1" 302 - "-" "Mozilla/5.0 (Windows NT 10.0; Win64; x64) AppleWebKit/537.36 (KHTML, like Gecko) Chrome/88.0.4324.190 Safari/537.36"
::1 - - [26/Apr/2021:16:02:50 +0700] "GET /favicon.ico HTTP/1.1" 500 623 "http://wordpress.localhost/" "Mozilla/5.0 (Windows NT 10.0; Win64; x64) AppleWebKit/537.36 (KHTML, like Gecko) Chrome/88.0.4324.190 Safari/537.36"
::1 - - [26/Apr/2021:16:03:58 +0700] "GET / HTTP/1.1" 302 - "-" "Mozilla/5.0 (Windows NT 10.0; Win64; x64) AppleWebKit/537.36 (KHTML, like Gecko) Chrome/88.0.4324.190 Safari/537.36"
::1 - - [26/Apr/2021:16:03:58 +0700] "GET /wp-admin/install.php HTTP/1.1" 200 13008 "-" "Mozilla/5.0 (Windows NT 10.0; Win64; x64) AppleWebKit/537.36 (KHTML, like Gecko) Chrome/88.0.4324.190 Safari/537.36"
::1 - - [26/Apr/2021:16:04:01 +0700] "GET /wp-includes/css/dashicons.min.css?ver=5.7.1 HTTP/1.1" 200 59016 "http://wordpress.localhost/wp-admin/install.php" "Mozilla/5.0 (Windows NT 10.0; Win64; x64) AppleWebKit/537.36 (KHTML, like Gecko) Chrome/88.0.4324.190 Safari/537.36"
::1 - - [26/Apr/2021:16:04:01 +0700] "GET /wp-includes/css/buttons.min.css?ver=5.7.1 HTTP/1.1" 200 5854 "http://wordpress.localhost/wp-admin/install.php" "Mozilla/5.0 (Windows NT 10.0; Win64; x64) AppleWebKit/537.36 (KHTML, like Gecko) Chrome/88.0.4324.190 Safari/537.36"
::1 - - [26/Apr/2021:16:04:01 +0700] "GET /wp-admin/css/install.min.css?ver=5.7.1 HTTP/1.1" 200 4959 "http://wordpress.localhost/wp-admin/install.php" "Mozilla/5.0 (Windows NT 10.0; Win64; x64) AppleWebKit/537.36 (KHTML, like Gecko) Chrome/88.0.4324.190 Safari/537.36"
::1 - - [26/Apr/2021:16:04:01 +0700] "GET /wp-admin/css/l10n.min.css?ver=5.7.1 HTTP/1.1" 200 2477 "http://wordpress.localhost/wp-admin/install.php" "Mozilla/5.0 (Windows NT 10.0; Win64; x64) AppleWebKit/537.36 (KHTML, like Gecko) Chrome/88.0.4324.190 Safari/537.36"
::1 - - [26/Apr/2021:16:04:01 +0700] "GET /wp-admin/js/language-chooser.min.js?ver=5.7.1 HTTP/1.1" 200 423 "http://wordpress.localhost/wp-admin/install.php" "Mozilla/5.0 (Windows NT 10.0; Win64; x64) AppleWebKit/537.36 (KHTML, like Gecko) Chrome/88.0.4324.190 Safari/537.36"
::1 - - [26/Apr/2021:16:04:01 +0700] "GET /wp-admin/css/forms.min.css?ver=5.7.1 HTTP/1.1" 200 25293 "http://wordpress.localhost/wp-admin/install.php" "Mozilla/5.0 (Windows NT 10.0; Win64; x64) AppleWebKit/537.36 (KHTML, like Gecko) Chrome/88.0.4324.190 Safari/537.36"
::1 - - [26/Apr/2021:16:04:01 +0700] "GET /wp-includes/js/jquery/jquery.min.js?ver=3.5.1 HTTP/1.1" 200 89496 "http://wordpress.localhost/wp-admin/install.php" "Mozilla/5.0 (Windows NT 10.0; Win64; x64) AppleWebKit/537.36 (KHTML, like Gecko) Chrome/88.0.4324.190 Safari/537.36"
::1 - - [26/Apr/2021:16:04:01 +0700] "GET /wp-includes/js/jquery/jquery-migrate.min.js?ver=3.3.2 HTTP/1.1" 200 11224 "http://wordpress.localhost/wp-admin/install.php" "Mozilla/5.0 (Windows NT 10.0; Win64; x64) AppleWebKit/537.36 (KHTML, like Gecko) Chrome/88.0.4324.190 Safari/537.36"
::1 - - [26/Apr/2021:16:04:03 +0700] "GET /wp-admin/images/spinner.gif HTTP/1.1" 200 3656 "http://wordpress.localhost/wp-admin/css/install.min.css?ver=5.7.1" "Mozilla/5.0 (Windows NT 10.0; Win64; x64) AppleWebKit/537.36 (KHTML, like Gecko) Chrome/88.0.4324.190 Safari/537.36"
::1 - - [26/Apr/2021:16:04:03 +0700] "GET /wp-admin/images/wordpress-logo.svg?ver=20131107 HTTP/1.1" 200 1521 "http://wordpress.localhost/wp-admin/css/install.min.css?ver=5.7.1" "Mozilla/5.0 (Windows NT 10.0; Win64; x64) AppleWebKit/537.36 (KHTML, like Gecko) Chrome/88.0.4324.190 Safari/537.36"
::1 - - [26/Apr/2021:16:04:03 +0700] "GET /favicon.ico HTTP/1.1" 500 623 "http://wordpress.localhost/wp-admin/install.php" "Mozilla/5.0 (Windows NT 10.0; Win64; x64) AppleWebKit/537.36 (KHTML, like Gecko) Chrome/88.0.4324.190 Safari/537.36"
::1 - - [26/Apr/2021:16:04:05 +0700] "POST /wp-admin/install.php?step=1 HTTP/1.1" 200 9042 "http://wordpress.localhost/wp-admin/install.php" "Mozilla/5.0 (Windows NT 10.0; Win64; x64) AppleWebKit/537.36 (KHTML, like Gecko) Chrome/88.0.4324.190 Safari/537.36"
::1 - - [26/Apr/2021:16:04:05 +0700] "GET /wp-includes/js/zxcvbn-async.min.js?ver=1.0 HTTP/1.1" 200 351 "http://wordpress.localhost/wp-admin/install.php?step=1" "Mozilla/5.0 (Windows NT 10.0; Win64; x64) AppleWebKit/537.36 (KHTML, like Gecko) Chrome/88.0.4324.190 Safari/537.36"
::1 - - [26/Apr/2021:16:04:05 +0700] "GET /wp-includes/js/wp-util.min.js?ver=5.7.1 HTTP/1.1" 200 1077 "http://wordpress.localhost/wp-admin/install.php?step=1" "Mozilla/5.0 (Windows NT 10.0; Win64; x64) AppleWebKit/537.36 (KHTML, like Gecko) Chrome/88.0.4324.190 Safari/537.36"
::1 - - [26/Apr/2021:16:04:05 +0700] "GET /wp-admin/js/password-strength-meter.min.js?ver=5.7.1 HTTP/1.1" 200 1124 "http://wordpress.localhost/wp-admin/install.php?step=1" "Mozilla/5.0 (Windows NT 10.0; Win64; x64) AppleWebKit/537.36 (KHTML, like Gecko) Chrome/88.0.4324.190 Safari/537.36"
::1 - - [26/Apr/2021:16:04:05 +0700] "GET /wp-includes/js/dist/hooks.min.js?ver=50e23bed88bcb9e6e14023e9961698c1 HTTP/1.1" 200 6937 "http://wordpress.localhost/wp-admin/install.php?step=1" "Mozilla/5.0 (Windows NT 10.0; Win64; x64) AppleWebKit/537.36 (KHTML, like Gecko) Chrome/88.0.4324.190 Safari/537.36"
::1 - - [26/Apr/2021:16:04:05 +0700] "GET /wp-includes/js/dist/i18n.min.js?ver=db9a9a37da262883343e941c3731bc67 HTTP/1.1" 200 10166 "http://wordpress.localhost/wp-admin/install.php?step=1" "Mozilla/5.0 (Windows NT 10.0; Win64; x64) AppleWebKit/537.36 (KHTML, like Gecko) Chrome/88.0.4324.190 Safari/537.36"
::1 - - [26/Apr/2021:16:04:06 +0700] "GET /wp-admin/js/user-profile.min.js?ver=5.7.1 HTTP/1.1" 200 6113 "http://wordpress.localhost/wp-admin/install.php?step=1" "Mozilla/5.0 (Windows NT 10.0; Win64; x64) AppleWebKit/537.36 (KHTML, like Gecko) Chrome/88.0.4324.190 Safari/537.36"
::1 - - [26/Apr/2021:16:04:05 +0700] "GET /wp-includes/js/underscore.min.js?ver=1.8.3 HTTP/1.1" 200 16045 "http://wordpress.localhost/wp-admin/install.php?step=1" "Mozilla/5.0 (Windows NT 10.0; Win64; x64) AppleWebKit/537.36 (KHTML, like Gecko) Chrome/88.0.4324.190 Safari/537.36"
::1 - - [26/Apr/2021:16:04:05 +0700] "GET /wp-includes/js/dist/vendor/wp-polyfill.min.js?ver=7.4.4 HTTP/1.1" 200 99310 "http://wordpress.localhost/wp-admin/install.php?step=1" "Mozilla/5.0 (Windows NT 10.0; Win64; x64) AppleWebKit/537.36 (KHTML, like Gecko) Chrome/88.0.4324.190 Safari/537.36"
::1 - - [26/Apr/2021:16:04:06 +0700] "GET /favicon.ico HTTP/1.1" 500 623 "http://wordpress.localhost/wp-admin/install.php?step=1" "Mozilla/5.0 (Windows NT 10.0; Win64; x64) AppleWebKit/537.36 (KHTML, like Gecko) Chrome/88.0.4324.190 Safari/537.36"
::1 - - [26/Apr/2021:16:04:06 +0700] "GET /wp-includes/js/zxcvbn.min.js HTTP/1.1" 200 822237 "http://wordpress.localhost/wp-admin/install.php?step=1" "Mozilla/5.0 (Windows NT 10.0; Win64; x64) AppleWebKit/537.36 (KHTML, like Gecko) Chrome/88.0.4324.190 Safari/537.36"
::1 - - [26/Apr/2021:16:04:17 +0700] "POST /wp-admin/install.php?step=2 HTTP/1.1" 200 6149 "http://wordpress.localhost/wp-admin/install.php?step=1" "Mozilla/5.0 (Windows NT 10.0; Win64; x64) AppleWebKit/537.36 (KHTML, like Gecko) Chrome/88.0.4324.190 Safari/537.36"
::1 - - [26/Apr/2021:16:04:21 +0700] "GET /favicon.ico HTTP/1.1" 404 291 "http://wordpress.localhost/wp-admin/install.php?step=2" "Mozilla/5.0 (Windows NT 10.0; Win64; x64) AppleWebKit/537.36 (KHTML, like Gecko) Chrome/88.0.4324.190 Safari/537.36"
::1 - - [26/Apr/2021:16:04:22 +0700] "GET /wp-login.php HTTP/1.1" 200 7373 "http://wordpress.localhost/wp-admin/install.php?step=2" "Mozilla/5.0 (Windows NT 10.0; Win64; x64) AppleWebKit/537.36 (KHTML, like Gecko) Chrome/88.0.4324.190 Safari/537.36"
::1 - - [26/Apr/2021:16:04:23 +0700] "GET /wp-admin/css/login.min.css?ver=5.7.1 HTTP/1.1" 200 5661 "http://wordpress.localhost/wp-login.php" "Mozilla/5.0 (Windows NT 10.0; Win64; x64) AppleWebKit/537.36 (KHTML, like Gecko) Chrome/88.0.4324.190 Safari/537.36"
::1 - - [26/Apr/2021:16:04:29 +0700] "POST /wp-login.php HTTP/1.1" 302 - "http://wordpress.localhost/wp-login.php" "Mozilla/5.0 (Windows NT 10.0; Win64; x64) AppleWebKit/537.36 (KHTML, like Gecko) Chrome/88.0.4324.190 Safari/537.36"
::1 - - [26/Apr/2021:16:04:40 +0700] "GET /wp-includes/js/thickbox/thickbox.css?ver=5.7.1 HTTP/1.1" 200 2659 "http://wordpress.localhost/wp-admin/" "Mozilla/5.0 (Windows NT 10.0; Win64; x64) AppleWebKit/537.36 (KHTML, like Gecko) Chrome/88.0.4324.190 Safari/537.36"
::1 - - [26/Apr/2021:16:04:29 +0700] "GET /wp-admin/ HTTP/1.1" 200 68850 "http://wordpress.localhost/wp-login.php" "Mozilla/5.0 (Windows NT 10.0; Win64; x64) AppleWebKit/537.36 (KHTML, like Gecko) Chrome/88.0.4324.190 Safari/537.36"
::1 - - [26/Apr/2021:16:04:40 +0700] "GET /wp-admin/load-scripts.php?c=0&load%5Bchunk_0%5D=jquery-core,jquery-migrate,utils&ver=5.7.1 HTTP/1.1" 200 102588 "http://wordpress.localhost/wp-admin/" "Mozilla/5.0 (Windows NT 10.0; Win64; x64) AppleWebKit/537.36 (KHTML, like Gecko) Chrome/88.0.4324.190 Safari/537.36"
::1 - - [26/Apr/2021:16:04:40 +0700] "GET /wp-includes/js/admin-bar.min.js?ver=5.7.1 HTTP/1.1" 200 3557 "http://wordpress.localhost/wp-admin/" "Mozilla/5.0 (Windows NT 10.0; Win64; x64) AppleWebKit/537.36 (KHTML, like Gecko) Chrome/88.0.4324.190 Safari/537.36"
::1 - - [26/Apr/2021:16:04:40 +0700] "GET /wp-includes/js/clipboard.min.js?ver=5.7.1 HTTP/1.1" 200 10419 "http://wordpress.localhost/wp-admin/" "Mozilla/5.0 (Windows NT 10.0; Win64; x64) AppleWebKit/537.36 (KHTML, like Gecko) Chrome/88.0.4324.190 Safari/537.36"
::1 - - [26/Apr/2021:16:04:40 +0700] "GET /wp-includes/js/dist/dom-ready.min.js?ver=eb19f7980f0268577acb5c2da5457de3 HTTP/1.1" 200 1219 "http://wordpress.localhost/wp-admin/" "Mozilla/5.0 (Windows NT 10.0; Win64; x64) AppleWebKit/537.36 (KHTML, like Gecko) Chrome/88.0.4324.190 Safari/537.36"
::1 - - [26/Apr/2021:16:04:40 +0700] "GET /wp-admin/js/common.min.js?ver=5.7.1 HTTP/1.1" 200 20053 "http://wordpress.localhost/wp-admin/" "Mozilla/5.0 (Windows NT 10.0; Win64; x64) AppleWebKit/537.36 (KHTML, like Gecko) Chrome/88.0.4324.190 Safari/537.36"
::1 - - [26/Apr/2021:16:04:40 +0700] "GET /wp-includes/js/hoverintent-js.min.js?ver=2.2.1 HTTP/1.1" 200 1718 "http://wordpress.localhost/wp-admin/" "Mozilla/5.0 (Windows NT 10.0; Win64; x64) AppleWebKit/537.36 (KHTML, like Gecko) Chrome/88.0.4324.190 Safari/537.36"
::1 - - [26/Apr/2021:16:04:40 +0700] "GET /wp-admin/load-scripts.php?c=0&load%5Bchunk_0%5D=hoverIntent&ver=5.7.1 HTTP/1.1" 200 1123 "http://wordpress.localhost/wp-admin/" "Mozilla/5.0 (Windows NT 10.0; Win64; x64) AppleWebKit/537.36 (KHTML, like Gecko) Chrome/88.0.4324.190 Safari/537.36"
::1 - - [26/Apr/2021:16:04:40 +0700] "GET /wp-includes/css/editor.min.css?ver=5.7.1 HTTP/1.1" 200 27209 "http://wordpress.localhost/wp-admin/" "Mozilla/5.0 (Windows NT 10.0; Win64; x64) AppleWebKit/537.36 (KHTML, like Gecko) Chrome/88.0.4324.190 Safari/537.36"
::1 - - [26/Apr/2021:16:04:40 +0700] "GET /wp-includes/js/api-request.min.js?ver=5.7.1 HTTP/1.1" 200 1025 "http://wordpress.localhost/wp-admin/" "Mozilla/5.0 (Windows NT 10.0; Win64; x64) AppleWebKit/537.36 (KHTML, like Gecko) Chrome/88.0.4324.190 Safari/537.36"
::1 - - [26/Apr/2021:16:04:40 +0700] "GET /wp-includes/js/dist/a11y.min.js?ver=5e00de7a43b31bbb9eaf685f089a3903 HTTP/1.1" 200 3041 "http://wordpress.localhost/wp-admin/" "Mozilla/5.0 (Windows NT 10.0; Win64; x64) AppleWebKit/537.36 (KHTML, like Gecko) Chrome/88.0.4324.190 Safari/537.36"
::1 - - [26/Apr/2021:16:04:41 +0700] "GET /wp-includes/js/wp-ajax-response.min.js?ver=5.7.1 HTTP/1.1" 200 2098 "http://wordpress.localhost/wp-admin/" "Mozilla/5.0 (Windows NT 10.0; Win64; x64) AppleWebKit/537.36 (KHTML, like Gecko) Chrome/88.0.4324.190 Safari/537.36"
::1 - - [26/Apr/2021:16:04:40 +0700] "GET /wp-includes/js/dist/vendor/lodash.min.js?ver=4.17.19 HTTP/1.1" 200 72805 "http://wordpress.localhost/wp-admin/" "Mozilla/5.0 (Windows NT 10.0; Win64; x64) AppleWebKit/537.36 (KHTML, like Gecko) Chrome/88.0.4324.190 Safari/537.36"
::1 - - [26/Apr/2021:16:04:40 +0700] "GET /wp-includes/js/dist/url.min.js?ver=0ac7e0472c46121366e7ce07244be1ac HTTP/1.1" 200 8620 "http://wordpress.localhost/wp-admin/" "Mozilla/5.0 (Windows NT 10.0; Win64; x64) AppleWebKit/537.36 (KHTML, like Gecko) Chrome/88.0.4324.190 Safari/537.36"
::1 - - [26/Apr/2021:16:04:40 +0700] "GET /wp-admin/js/site-health.min.js?ver=5.7.1 HTTP/1.1" 200 6008 "http://wordpress.localhost/wp-admin/" "Mozilla/5.0 (Windows NT 10.0; Win64; x64) AppleWebKit/537.36 (KHTML, like Gecko) Chrome/88.0.4324.190 Safari/537.36"
::1 - - [26/Apr/2021:16:04:41 +0700] "GET /wp-includes/js/jquery/jquery.query.js?ver=2.1.7 HTTP/1.1" 200 3785 "http://wordpress.localhost/wp-admin/" "Mozilla/5.0 (Windows NT 10.0; Win64; x64) AppleWebKit/537.36 (KHTML, like Gecko) Chrome/88.0.4324.190 Safari/537.36"
::1 - - [26/Apr/2021:16:04:41 +0700] "GET /wp-includes/js/jquery/jquery.color.min.js?ver=2.1.2 HTTP/1.1" 200 9315 "http://wordpress.localhost/wp-admin/" "Mozilla/5.0 (Windows NT 10.0; Win64; x64) AppleWebKit/537.36 (KHTML, like Gecko) Chrome/88.0.4324.190 Safari/537.36"
::1 - - [26/Apr/2021:16:04:41 +0700] "GET /wp-admin/js/edit-comments.min.js?ver=5.7.1 HTTP/1.1" 200 15284 "http://wordpress.localhost/wp-admin/" "Mozilla/5.0 (Windows NT 10.0; Win64; x64) AppleWebKit/537.36 (KHTML, like Gecko) Chrome/88.0.4324.190 Safari/537.36"
::1 - - [26/Apr/2021:16:04:41 +0700] "GET /wp-includes/js/wp-lists.min.js?ver=5.7.1 HTTP/1.1" 200 7434 "http://wordpress.localhost/wp-admin/" "Mozilla/5.0 (Windows NT 10.0; Win64; x64) AppleWebKit/537.36 (KHTML, like Gecko) Chrome/88.0.4324.190 Safari/537.36"
::1 - - [26/Apr/2021:16:04:41 +0700] "GET /wp-includes/js/jquery/ui/mouse.min.js?ver=1.12.1 HTTP/1.1" 200 3380 "http://wordpress.localhost/wp-admin/" "Mozilla/5.0 (Windows NT 10.0; Win64; x64) AppleWebKit/537.36 (KHTML, like Gecko) Chrome/88.0.4324.190 Safari/537.36"
::1 - - [26/Apr/2021:16:04:41 +0700] "GET /wp-admin/js/postbox.min.js?ver=5.7.1 HTTP/1.1" 200 6713 "http://wordpress.localhost/wp-admin/" "Mozilla/5.0 (Windows NT 10.0; Win64; x64) AppleWebKit/537.36 (KHTML, like Gecko) Chrome/88.0.4324.190 Safari/537.36"
::1 - - [26/Apr/2021:16:04:41 +0700] "GET /wp-includes/js/dist/vendor/moment.min.js?ver=2.26.0 HTTP/1.1" 200 58318 "http://wordpress.localhost/wp-admin/" "Mozilla/5.0 (Windows NT 10.0; Win64; x64) AppleWebKit/537.36 (KHTML, like Gecko) Chrome/88.0.4324.190 Safari/537.36"
::1 - - [26/Apr/2021:16:04:41 +0700] "GET /wp-includes/js/jquery/ui/core.min.js?ver=1.12.1 HTTP/1.1" 200 20787 "http://wordpress.localhost/wp-admin/" "Mozilla/5.0 (Windows NT 10.0; Win64; x64) AppleWebKit/537.36 (KHTML, like Gecko) Chrome/88.0.4324.190 Safari/537.36"
::1 - - [26/Apr/2021:16:04:41 +0700] "GET /wp-includes/js/jquery/ui/sortable.min.js?ver=1.12.1 HTTP/1.1" 200 24782 "http://wordpress.localhost/wp-admin/" "Mozilla/5.0 (Windows NT 10.0; Win64; x64) AppleWebKit/537.36 (KHTML, like Gecko) Chrome/88.0.4324.190 Safari/537.36"
::1 - - [26/Apr/2021:16:04:41 +0700] "GET /wp-includes/js/thickbox/thickbox.js?ver=3.1-20121105 HTTP/1.1" 200 13194 "http://wordpress.localhost/wp-admin/" "Mozilla/5.0 (Windows NT 10.0; Win64; x64) AppleWebKit/537.36 (KHTML, like Gecko) Chrome/88.0.4324.190 Safari/537.36"
::1 - - [26/Apr/2021:16:04:41 +0700] "GET /wp-admin/js/dashboard.min.js?ver=5.7.1 HTTP/1.1" 200 8814 "http://wordpress.localhost/wp-admin/" "Mozilla/5.0 (Windows NT 10.0; Win64; x64) AppleWebKit/537.36 (KHTML, like Gecko) Chrome/88.0.4324.190 Safari/537.36"
::1 - - [26/Apr/2021:16:04:41 +0700] "GET /wp-includes/js/dist/date.min.js?ver=e44c6aaa6f78b408b2505ac9bfb0a862 HTTP/1.1" 200 203812 "http://wordpress.localhost/wp-admin/" "Mozilla/5.0 (Windows NT 10.0; Win64; x64) AppleWebKit/537.36 (KHTML, like Gecko) Chrome/88.0.4324.190 Safari/537.36"
::1 - - [26/Apr/2021:16:04:41 +0700] "GET /wp-includes/js/quicktags.min.js?ver=5.7.1 HTTP/1.1" 200 11149 "http://wordpress.localhost/wp-admin/" "Mozilla/5.0 (Windows NT 10.0; Win64; x64) AppleWebKit/537.36 (KHTML, like Gecko) Chrome/88.0.4324.190 Safari/537.36"
::1 - - [26/Apr/2021:16:04:40 +0700] "GET /wp-admin/load-styles.php?c=0&dir=ltr&load%5Bchunk_0%5D=dashicons,admin-bar,site-health,common,forms,admin-menu,dashboard,list-tables,edit,revisions,media,themes,about,nav-menus,wp-poi&load%5Bchunk_1%5D=nter,widgets,site-icon,l10n,buttons,wp-auth-check&ver=5.7.1 HTTP/1.1" 200 384320 "http://wordpress.localhost/wp-admin/" "Mozilla/5.0 (Windows NT 10.0; Win64; x64) AppleWebKit/537.36 (KHTML, like Gecko) Chrome/88.0.4324.190 Safari/537.36"
::1 - - [26/Apr/2021:16:04:42 +0700] "GET /wp-includes/js/wp-sanitize.min.js?ver=5.7.1 HTTP/1.1" 200 458 "http://wordpress.localhost/wp-admin/" "Mozilla/5.0 (Windows NT 10.0; Win64; x64) AppleWebKit/537.36 (KHTML, like Gecko) Chrome/88.0.4324.190 Safari/537.36"
::1 - - [26/Apr/2021:16:04:42 +0700] "GET /wp-admin/js/updates.min.js?ver=5.7.1 HTTP/1.1" 200 41056 "http://wordpress.localhost/wp-admin/" "Mozilla/5.0 (Windows NT 10.0; Win64; x64) AppleWebKit/537.36 (KHTML, like Gecko) Chrome/88.0.4324.190 Safari/537.36"
::1 - - [26/Apr/2021:16:04:42 +0700] "GET /wp-includes/js/shortcode.min.js?ver=5.7.1 HTTP/1.1" 200 2650 "http://wordpress.localhost/wp-admin/" "Mozilla/5.0 (Windows NT 10.0; Win64; x64) AppleWebKit/537.36 (KHTML, like Gecko) Chrome/88.0.4324.190 Safari/537.36"
::1 - - [26/Apr/2021:16:04:42 +0700] "GET /wp-admin/js/plugin-install.min.js?ver=5.7.1 HTTP/1.1" 200 2419 "http://wordpress.localhost/wp-admin/" "Mozilla/5.0 (Windows NT 10.0; Win64; x64) AppleWebKit/537.36 (KHTML, like Gecko) Chrome/88.0.4324.190 Safari/537.36"
::1 - - [26/Apr/2021:16:04:42 +0700] "GET /wp-admin/js/media-upload.min.js?ver=5.7.1 HTTP/1.1" 200 1152 "http://wordpress.localhost/wp-admin/" "Mozilla/5.0 (Windows NT 10.0; Win64; x64) AppleWebKit/537.36 (KHTML, like Gecko) Chrome/88.0.4324.190 Safari/537.36"
::1 - - [26/Apr/2021:16:04:42 +0700] "GET /wp-includes/js/jquery/ui/menu.min.js?ver=1.12.1 HTTP/1.1" 200 9531 "http://wordpress.localhost/wp-admin/" "Mozilla/5.0 (Windows NT 10.0; Win64; x64) AppleWebKit/537.36 (KHTML, like Gecko) Chrome/88.0.4324.190 Safari/537.36"
::1 - - [26/Apr/2021:16:04:42 +0700] "GET /wp-includes/js/heartbeat.min.js?ver=5.7.1 HTTP/1.1" 200 5883 "http://wordpress.localhost/wp-admin/" "Mozilla/5.0 (Windows NT 10.0; Win64; x64) AppleWebKit/537.36 (KHTML, like Gecko) Chrome/88.0.4324.190 Safari/537.36"
::1 - - [26/Apr/2021:16:04:42 +0700] "GET /wp-includes/js/wp-auth-check.min.js?ver=5.7.1 HTTP/1.1" 200 1674 "http://wordpress.localhost/wp-admin/" "Mozilla/5.0 (Windows NT 10.0; Win64; x64) AppleWebKit/537.36 (KHTML, like Gecko) Chrome/88.0.4324.190 Safari/537.36"
::1 - - [26/Apr/2021:16:04:42 +0700] "GET /wp-admin/js/svg-painter.js?ver=5.7.1 HTTP/1.1" 200 5538 "http://wordpress.localhost/wp-admin/" "Mozilla/5.0 (Windows NT 10.0; Win64; x64) AppleWebKit/537.36 (KHTML, like Gecko) Chrome/88.0.4324.190 Safari/537.36"
::1 - - [26/Apr/2021:16:04:42 +0700] "GET /wp-includes/js/wplink.min.js?ver=5.7.1 HTTP/1.1" 200 11283 "http://wordpress.localhost/wp-admin/" "Mozilla/5.0 (Windows NT 10.0; Win64; x64) AppleWebKit/537.36 (KHTML, like Gecko) Chrome/88.0.4324.190 Safari/537.36"
::1 - - [26/Apr/2021:16:04:42 +0700] "GET /wp-includes/js/jquery/ui/autocomplete.min.js?ver=1.12.1 HTTP/1.1" 200 8539 "http://wordpress.localhost/wp-admin/" "Mozilla/5.0 (Windows NT 10.0; Win64; x64) AppleWebKit/537.36 (KHTML, like Gecko) Chrome/88.0.4324.190 Safari/537.36"
::1 - - [26/Apr/2021:16:04:43 +0700] "GET /wp-includes/js/wp-emoji-release.min.js?ver=5.7.1 HTTP/1.1" 200 14229 "http://wordpress.localhost/wp-admin/" "Mozilla/5.0 (Windows NT 10.0; Win64; x64) AppleWebKit/537.36 (KHTML, like Gecko) Chrome/88.0.4324.190 Safari/537.36"
::1 - - [26/Apr/2021:16:04:43 +0700] "GET /wp-admin/admin-ajax.php?action=wp-compression-test&test=1&_ajax_nonce=a28026b8a3&1619427883291 HTTP/1.1" 200 1114 "http://wordpress.localhost/wp-admin/" "Mozilla/5.0 (Windows NT 10.0; Win64; x64) AppleWebKit/537.36 (KHTML, like Gecko) Chrome/88.0.4324.190 Safari/537.36"
::1 - - [26/Apr/2021:16:04:43 +0700] "GET /wp-includes/js/thickbox/loadingAnimation.gif HTTP/1.1" 200 15238 "http://wordpress.localhost/wp-admin/" "Mozilla/5.0 (Windows NT 10.0; Win64; x64) AppleWebKit/537.36 (KHTML, like Gecko) Chrome/88.0.4324.190 Safari/537.36"
::1 - - [26/Apr/2021:16:04:43 +0700] "POST /wp-admin/admin-ajax.php HTTP/1.1" 200 443 "http://wordpress.localhost/wp-admin/" "Mozilla/5.0 (Windows NT 10.0; Win64; x64) AppleWebKit/537.36 (KHTML, like Gecko) Chrome/88.0.4324.190 Safari/537.36"
::1 - - [26/Apr/2021:16:04:44 +0700] "GET /wp-admin/admin-ajax.php?action=wp-compression-test&test=2&_ajax_nonce=a28026b8a3&1619427883575 HTTP/1.1" 200 572 "http://wordpress.localhost/wp-admin/" "Mozilla/5.0 (Windows NT 10.0; Win64; x64) AppleWebKit/537.36 (KHTML, like Gecko) Chrome/88.0.4324.190 Safari/537.36"
::1 - - [26/Apr/2021:16:04:44 +0700] "GET /wp-admin/admin-ajax.php?action=wp-compression-test&test=yes&_ajax_nonce=a28026b8a3&1619427884506 HTTP/1.1" 200 1 "http://wordpress.localhost/wp-admin/" "Mozilla/5.0 (Windows NT 10.0; Win64; x64) AppleWebKit/537.36 (KHTML, like Gecko) Chrome/88.0.4324.190 Safari/537.36"
::1 - - [26/Apr/2021:16:04:43 +0700] "GET /wp-admin/admin-ajax.php?action=dashboard-widgets&widget=dashboard_primary&pagenow=dashboard HTTP/1.1" 200 1512 "http://wordpress.localhost/wp-admin/" "Mozilla/5.0 (Windows NT 10.0; Win64; x64) AppleWebKit/537.36 (KHTML, like Gecko) Chrome/88.0.4324.190 Safari/537.36"
::1 - - [26/Apr/2021:16:05:44 +0700] "POST /wp-admin/admin-ajax.php HTTP/1.1" 200 47 "http://wordpress.localhost/wp-admin/" "Mozilla/5.0 (Windows NT 10.0; Win64; x64) AppleWebKit/537.36 (KHTML, like Gecko) Chrome/88.0.4324.190 Safari/537.36"
::1 - - [26/Apr/2021:16:07:23 +0700] "POST /wp-admin/admin-ajax.php HTTP/1.1" 200 47 "http://wordpress.localhost/wp-admin/" "Mozilla/5.0 (Windows NT 10.0; Win64; x64) AppleWebKit/537.36 (KHTML, like Gecko) Chrome/88.0.4324.190 Safari/537.36"
::1 - - [26/Apr/2021:16:08:23 +0700] "POST /wp-admin/admin-ajax.php HTTP/1.1" 200 47 "http://wordpress.localhost/wp-admin/" "Mozilla/5.0 (Windows NT 10.0; Win64; x64) AppleWebKit/537.36 (KHTML, like Gecko) Chrome/88.0.4324.190 Safari/537.36"
::1 - - [26/Apr/2021:16:10:24 +0700] "POST /wp-admin/admin-ajax.php HTTP/1.1" 200 47 "http://wordpress.localhost/wp-admin/" "Mozilla/5.0 (Windows NT 10.0; Win64; x64) AppleWebKit/537.36 (KHTML, like Gecko) Chrome/88.0.4324.190 Safari/537.36"
::1 - - [26/Apr/2021:16:12:25 +0700] "POST /wp-admin/admin-ajax.php HTTP/1.1" 200 47 "http://wordpress.localhost/wp-admin/" "Mozilla/5.0 (Windows NT 10.0; Win64; x64) AppleWebKit/537.36 (KHTML, like Gecko) Chrome/88.0.4324.190 Safari/537.36"
::1 - - [26/Apr/2021:16:13:33 +0700] "POST /wp-admin/admin-ajax.php HTTP/1.1" 200 47 "http://wordpress.localhost/wp-admin/" "Mozilla/5.0 (Windows NT 10.0; Win64; x64) AppleWebKit/537.36 (KHTML, like Gecko) Chrome/88.0.4324.190 Safari/537.36"
::1 - - [26/Apr/2021:16:14:34 +0700] "POST /wp-admin/admin-ajax.php HTTP/1.1" 200 47 "http://wordpress.localhost/wp-admin/" "Mozilla/5.0 (Windows NT 10.0; Win64; x64) AppleWebKit/537.36 (KHTML, like Gecko) Chrome/88.0.4324.190 Safari/537.36"
::1 - - [26/Apr/2021:16:15:34 +0700] "POST /wp-admin/admin-ajax.php HTTP/1.1" 200 47 "http://wordpress.localhost/wp-admin/" "Mozilla/5.0 (Windows NT 10.0; Win64; x64) AppleWebKit/537.36 (KHTML, like Gecko) Chrome/88.0.4324.190 Safari/537.36"
::1 - - [26/Apr/2021:16:16:35 +0700] "POST /wp-admin/admin-ajax.php HTTP/1.1" 200 47 "http://wordpress.localhost/wp-admin/" "Mozilla/5.0 (Windows NT 10.0; Win64; x64) AppleWebKit/537.36 (KHTML, like Gecko) Chrome/88.0.4324.190 Safari/537.36"
::1 - - [26/Apr/2021:16:17:52 +0700] "POST /wp-admin/admin-ajax.php HTTP/1.1" 200 47 "http://wordpress.localhost/wp-admin/" "Mozilla/5.0 (Windows NT 10.0; Win64; x64) AppleWebKit/537.36 (KHTML, like Gecko) Chrome/88.0.4324.190 Safari/537.36"
::1 - - [26/Apr/2021:16:18:53 +0700] "POST /wp-admin/admin-ajax.php HTTP/1.1" 200 47 "http://wordpress.localhost/wp-admin/" "Mozilla/5.0 (Windows NT 10.0; Win64; x64) AppleWebKit/537.36 (KHTML, like Gecko) Chrome/88.0.4324.190 Safari/537.36"
::1 - - [26/Apr/2021:16:19:54 +0700] "POST /wp-admin/admin-ajax.php HTTP/1.1" 200 47 "http://wordpress.localhost/wp-admin/" "Mozilla/5.0 (Windows NT 10.0; Win64; x64) AppleWebKit/537.36 (KHTML, like Gecko) Chrome/88.0.4324.190 Safari/537.36"
::1 - - [26/Apr/2021:16:20:55 +0700] "POST /wp-admin/admin-ajax.php HTTP/1.1" 200 47 "http://wordpress.localhost/wp-admin/" "Mozilla/5.0 (Windows NT 10.0; Win64; x64) AppleWebKit/537.36 (KHTML, like Gecko) Chrome/88.0.4324.190 Safari/537.36"
::1 - - [26/Apr/2021:16:21:33 +0700] "GET /wp-admin/load-scripts.php?c=1&load%5Bchunk_0%5D=jquery-core,jquery-migrate,utils&ver=5.7.1 HTTP/1.1" 200 102588 "http://wordpress.localhost/wp-admin/edit.php" "Mozilla/5.0 (Windows NT 10.0; Win64; x64) AppleWebKit/537.36 (KHTML, like Gecko) Chrome/88.0.4324.190 Safari/537.36"
::1 - - [26/Apr/2021:16:21:33 +0700] "GET /wp-admin/load-styles.php?c=1&dir=ltr&load%5Bchunk_0%5D=dashicons,admin-bar,common,forms,admin-menu,dashboard,list-tables,edit,revisions,media,themes,about,nav-menus,wp-pointer,widgets&load%5Bchunk_1%5D=,site-icon,l10n,buttons,wp-auth-check&ver=5.7.1 HTTP/1.1" 200 377735 "http://wordpress.localhost/wp-admin/edit.php" "Mozilla/5.0 (Windows NT 10.0; Win64; x64) AppleWebKit/537.36 (KHTML, like Gecko) Chrome/88.0.4324.190 Safari/537.36"
::1 - - [26/Apr/2021:16:21:33 +0700] "GET /wp-admin/edit.php HTTP/1.1" 200 51863 "http://wordpress.localhost/wp-admin/" "Mozilla/5.0 (Windows NT 10.0; Win64; x64) AppleWebKit/537.36 (KHTML, like Gecko) Chrome/88.0.4324.190 Safari/537.36"
::1 - - [26/Apr/2021:16:21:33 +0700] "GET /wp-admin/load-scripts.php?c=1&load%5Bchunk_0%5D=hoverIntent&ver=5.7.1 HTTP/1.1" 200 1123 "http://wordpress.localhost/wp-admin/edit.php" "Mozilla/5.0 (Windows NT 10.0; Win64; x64) AppleWebKit/537.36 (KHTML, like Gecko) Chrome/88.0.4324.190 Safari/537.36"
::1 - - [26/Apr/2021:16:21:33 +0700] "GET /wp-includes/js/admin-bar.min.js?ver=5.7.1 HTTP/1.1" 304 - "http://wordpress.localhost/wp-admin/edit.php" "Mozilla/5.0 (Windows NT 10.0; Win64; x64) AppleWebKit/537.36 (KHTML, like Gecko) Chrome/88.0.4324.190 Safari/537.36"
::1 - - [26/Apr/2021:16:21:33 +0700] "GET /wp-admin/js/inline-edit-post.min.js?ver=5.7.1 HTTP/1.1" 200 7443 "http://wordpress.localhost/wp-admin/edit.php" "Mozilla/5.0 (Windows NT 10.0; Win64; x64) AppleWebKit/537.36 (KHTML, like Gecko) Chrome/88.0.4324.190 Safari/537.36"
::1 - - [26/Apr/2021:16:21:33 +0700] "GET /wp-admin/js/tags-suggest.min.js?ver=5.7.1 HTTP/1.1" 200 2250 "http://wordpress.localhost/wp-admin/edit.php" "Mozilla/5.0 (Windows NT 10.0; Win64; x64) AppleWebKit/537.36 (KHTML, like Gecko) Chrome/88.0.4324.190 Safari/537.36"
::1 - - [26/Apr/2021:16:21:33 +0700] "POST /wp-admin/admin-ajax.php HTTP/1.1" 200 47 "http://wordpress.localhost/wp-admin/edit.php" "Mozilla/5.0 (Windows NT 10.0; Win64; x64) AppleWebKit/537.36 (KHTML, like Gecko) Chrome/88.0.4324.190 Safari/537.36"
::1 - - [26/Apr/2021:16:21:37 +0700] "GET /wp-admin/plugins.php HTTP/1.1" 200 44046 "http://wordpress.localhost/wp-admin/edit.php" "Mozilla/5.0 (Windows NT 10.0; Win64; x64) AppleWebKit/537.36 (KHTML, like Gecko) Chrome/88.0.4324.190 Safari/537.36"
::1 - - [26/Apr/2021:16:21:44 +0700] "GET /wp-admin/options-general.php HTTP/1.1" 200 66219 "http://wordpress.localhost/wp-admin/plugins.php" "Mozilla/5.0 (Windows NT 10.0; Win64; x64) AppleWebKit/537.36 (KHTML, like Gecko) Chrome/88.0.4324.190 Safari/537.36"
::1 - - [26/Apr/2021:16:21:41 +0700] "GET /wp-admin/plugin-install.php HTTP/1.1" 200 16594 "http://wordpress.localhost/wp-admin/plugins.php" "Mozilla/5.0 (Windows NT 10.0; Win64; x64) AppleWebKit/537.36 (KHTML, like Gecko) Chrome/88.0.4324.190 Safari/537.36"
::1 - - [26/Apr/2021:16:21:51 +0700] "GET /wp-admin/users.php HTTP/1.1" 200 36252 "http://wordpress.localhost/wp-admin/options-general.php" "Mozilla/5.0 (Windows NT 10.0; Win64; x64) AppleWebKit/537.36 (KHTML, like Gecko) Chrome/88.0.4324.190 Safari/537.36"
::1 - - [26/Apr/2021:16:21:54 +0700] "GET /wp-admin/options-general.php HTTP/1.1" 200 66219 "http://wordpress.localhost/wp-admin/users.php" "Mozilla/5.0 (Windows NT 10.0; Win64; x64) AppleWebKit/537.36 (KHTML, like Gecko) Chrome/88.0.4324.190 Safari/537.36"
::1 - - [26/Apr/2021:16:22:54 +0700] "POST /wp-admin/admin-ajax.php HTTP/1.1" 200 47 "http://wordpress.localhost/wp-admin/options-general.php" "Mozilla/5.0 (Windows NT 10.0; Win64; x64) AppleWebKit/537.36 (KHTML, like Gecko) Chrome/88.0.4324.190 Safari/537.36"
::1 - - [26/Apr/2021:16:23:54 +0700] "POST /wp-admin/admin-ajax.php HTTP/1.1" 200 47 "http://wordpress.localhost/wp-admin/options-general.php" "Mozilla/5.0 (Windows NT 10.0; Win64; x64) AppleWebKit/537.36 (KHTML, like Gecko) Chrome/88.0.4324.190 Safari/537.36"
::1 - - [26/Apr/2021:16:24:55 +0700] "POST /wp-admin/admin-ajax.php HTTP/1.1" 200 47 "http://wordpress.localhost/wp-admin/options-general.php" "Mozilla/5.0 (Windows NT 10.0; Win64; x64) AppleWebKit/537.36 (KHTML, like Gecko) Chrome/88.0.4324.190 Safari/537.36"
::1 - - [26/Apr/2021:16:26:38 +0700] "POST /wp-admin/admin-ajax.php HTTP/1.1" 200 47 "http://wordpress.localhost/wp-admin/options-general.php" "Mozilla/5.0 (Windows NT 10.0; Win64; x64) AppleWebKit/537.36 (KHTML, like Gecko) Chrome/88.0.4324.190 Safari/537.36"
::1 - - [26/Apr/2021:16:27:39 +0700] "POST /wp-admin/admin-ajax.php HTTP/1.1" 200 47 "http://wordpress.localhost/wp-admin/options-general.php" "Mozilla/5.0 (Windows NT 10.0; Win64; x64) AppleWebKit/537.36 (KHTML, like Gecko) Chrome/88.0.4324.190 Safari/537.36"
::1 - - [26/Apr/2021:16:29:40 +0700] "POST /wp-admin/admin-ajax.php HTTP/1.1" 200 47 "http://wordpress.localhost/wp-admin/options-general.php" "Mozilla/5.0 (Windows NT 10.0; Win64; x64) AppleWebKit/537.36 (KHTML, like Gecko) Chrome/88.0.4324.190 Safari/537.36"
::1 - - [26/Apr/2021:16:30:41 +0700] "POST /wp-admin/admin-ajax.php HTTP/1.1" 200 47 "http://wordpress.localhost/wp-admin/options-general.php" "Mozilla/5.0 (Windows NT 10.0; Win64; x64) AppleWebKit/537.36 (KHTML, like Gecko) Chrome/88.0.4324.190 Safari/537.36"
